{
   "timestamp": "2022-02-26 11:17:35.267",
   "port": "undefined",
   "service_name": "undefined",
   "environment": "undefined",
   "level": "[32minfo[39m",
   "message": "server listening on 8000"
}
{
   "timestamp": "2022-02-26 11:19:14.359",
   "port": "undefined",
   "service_name": "undefined",
   "environment": "undefined",
   "level": "[32minfo[39m",
   "message": "server listening on 8000"
}
{
   "timestamp": "2022-02-26 11:20:02.082",
   "port": "8000",
   "service_name": "browserstack",
   "environment": "development",
   "level": "[32minfo[39m",
   "message": "server listening on 8000"
}
{
   "timestamp": "2022-02-26 11:20:06.045",
   "port": "8000",
   "service_name": "browserstack",
   "environment": "development",
   "level": "[32minfo[39m",
   "message": "server listening on 8000"
}
{
   "timestamp": "2022-02-26 11:21:12.711",
   "port": "8000",
   "service_name": "browserstack",
   "environment": "development",
   "level": "[32minfo[39m",
   "message": "server listening on 8000"
}
{
   "timestamp": "2022-02-26 11:21:39.672",
   "port": "8000",
   "service_name": "browserstack",
   "environment": "development",
   "level": "[32minfo[39m",
   "message": "server listening on 8000"
}
{
   "timestamp": "2022-02-26 11:21:44.574",
   "port": "8000",
   "service_name": "browserstack",
   "environment": "development",
   "level": "[32minfo[39m",
   "lines": ",aaaa,",
   "message": "new lines added"
}
{
   "timestamp": "2022-02-26 11:22:22.784",
   "port": "8000",
   "service_name": "browserstack",
   "environment": "development",
   "level": "[32minfo[39m",
   "message": "server listening on 8000"
}
{
   "timestamp": "2022-02-26 11:22:22.797",
   "port": "8000",
   "service_name": "browserstack",
   "environment": "development",
   "level": "[32minfo[39m",
   "lines": "hello1,hello2,hello3,hello4,hello5,hello6,hello7,hello8,hello9,hello10,hello11,hello12,hello13,hello14,hello15,hellooo,testtt,tester,aaa,aaa,bbb,ccc,,aaaa,",
   "message": "last 10 lines requested"
}
{
   "timestamp": "2022-02-26 11:22:37.746",
   "port": "8000",
   "service_name": "browserstack",
   "environment": "development",
   "level": "[32minfo[39m",
   "message": "server listening on 8000"
}
{
   "timestamp": "2022-02-26 11:22:37.761",
   "port": "8000",
   "service_name": "browserstack",
   "environment": "development",
   "level": "[32minfo[39m",
   "lines": "hello1,hello2,hello3,hello4,hello5,hello6,hello7,hello8,hello9,hello10,hello11,hello12,hello13,hello14,hello15,hellooo,testtt,tester,aaa,aaa,bbb,ccc,,aaaa,",
   "message": "last 10 lines requested"
}
{
   "timestamp": "2022-02-26 11:23:55.444",
   "port": "8000",
   "service_name": "browserstack",
   "environment": "development",
   "level": "[32minfo[39m",
   "message": "server listening on 8000"
}
{
   "timestamp": "2022-02-26 11:23:55.570",
   "port": "8000",
   "service_name": "browserstack",
   "environment": "development",
   "level": "[32minfo[39m",
   "lines": "hello1,hello2,hello3,hello4,hello5,hello6,hello7,hello8,hello9,hello10,hello11,hello12,hello13,hello14,hello15,hellooo,testtt,tester,aaa,aaa,bbb,ccc,,aaaa,",
   "message": "last 10 lines requested"
}
{
   "timestamp": "2022-02-26 11:26:08.889",
   "port": "8000",
   "service_name": "browserstack",
   "environment": "development",
   "level": "[32minfo[39m",
   "message": "server listening on 8000"
}
{
   "timestamp": "2022-02-26 11:26:10.437",
   "port": "8000",
   "service_name": "browserstack",
   "environment": "development",
   "level": "[32minfo[39m",
   "lines": "hello1,hello2,hello3,hello4,hello5,hello6,hello7,hello8,hello9,hello10,hello11,hello12,hello13,hello14,hello15,hellooo,testtt,tester,aaa,aaa,bbb,ccc,,aaaa,",
   "message": "last 10 lines requested"
}
{
   "timestamp": "2022-02-26 11:26:18.804",
   "port": "8000",
   "service_name": "browserstack",
   "environment": "development",
   "level": "[32minfo[39m",
   "lines": "hello1,hello2,hello3,hello4,hello5,hello6,hello7,hello8,hello9,hello10,hello11,hello12,hello13,hello14,hello15,",
   "message": "new lines added"
}
{
   "timestamp": "2022-02-26 11:26:43.844",
   "port": "8000",
   "service_name": "browserstack",
   "environment": "development",
   "level": "[32minfo[39m",
   "lines": "hello1,hello2,hello3,hello4,hello5,hello6,hello7,hello8,hello9,hello10,hello11,hello12,hello13,hello14,hello15,abc,,",
   "message": "new lines added"
}
{
   "timestamp": "2022-02-26 11:27:56.268",
   "port": "8000",
   "service_name": "browserstack",
   "environment": "development",
   "level": "[32minfo[39m",
   "lines": "hello1,hello2,hello3,hello4,hello5,hello6,hello7,hello8,hello9,hello10,hello11,hello12,hello13,hello14,hello15,abc,,",
   "message": "last 10 lines requested"
}
{
   "timestamp": "2022-02-26 11:28:24.007",
   "port": "8000",
   "service_name": "browserstack",
   "environment": "development",
   "level": "[32minfo[39m",
   "lines": "hello1,hello2,hello3,hello4,hello5,hello6,hello7,hello8,hello9,hello10,hello11,hello12,hello13,hello14,hello15,,",
   "message": "new lines added"
}
{
   "timestamp": "2022-02-26 11:28:38.110",
   "port": "8000",
   "service_name": "browserstack",
   "environment": "development",
   "level": "[32minfo[39m",
   "lines": "hello1,hello2,hello3,hello4,hello5,hello6,hello7,hello8,hello9,hello10,hello11,hello12,hello13,hello14,hello15,,",
   "message": "last 10 lines requested"
}
{
   "timestamp": "2022-02-26 11:28:54.051",
   "port": "8000",
   "service_name": "browserstack",
   "environment": "development",
   "level": "[32minfo[39m",
   "lines": "hello1,hello2,hello3,hello4,hello5,hello6,hello7,hello8,hello9,hello10,hello11,hello12,hello13,hello14,hello15",
   "message": "new lines added"
}
{
   "timestamp": "2022-02-26 11:29:07.094",
   "port": "8000",
   "service_name": "browserstack",
   "environment": "development",
   "level": "[32minfo[39m",
   "lines": "hello1,hello2,hello3,hello4,hello5,hello6,hello7,hello8,hello9,hello10,hello11,hello12,hello13,hello14,hello15",
   "message": "last 10 lines requested"
}
{
   "timestamp": "2022-02-26 11:29:14.082",
   "port": "8000",
   "service_name": "browserstack",
   "environment": "development",
   "level": "[32minfo[39m",
   "lines": "16",
   "message": "new lines added"
}
{
   "timestamp": "2022-02-26 11:31:14.186",
   "port": "8000",
   "service_name": "browserstack",
   "environment": "development",
   "level": "[32minfo[39m",
   "message": "server listening on 8000"
}
{
   "timestamp": "2022-02-26 11:31:14.200",
   "port": "8000",
   "service_name": "browserstack",
   "environment": "development",
   "level": "[32minfo[39m",
   "lines": "hello1,hello2,hello3,hello4,hello5,hello6,hello7,hello8,hello9,hello10,hello11,hello12,hello13,hello14,hello15,16",
   "message": "last 10 lines requested"
}
{
   "timestamp": "2022-02-26 11:31:33.501",
   "port": "8000",
   "service_name": "browserstack",
   "environment": "development",
   "level": "[32minfo[39m",
   "message": "server listening on 8000"
}
{
   "timestamp": "2022-02-26 11:31:33.888",
   "port": "8000",
   "service_name": "browserstack",
   "environment": "development",
   "level": "[32minfo[39m",
   "lines": "hello1,hello2,hello3,hello4,hello5,hello6,hello7,hello8,hello9,hello10,hello11,hello12,hello13,hello14,hello15,16,17",
   "message": "last 10 lines requested"
}
{
   "timestamp": "2022-02-26 11:31:53.442",
   "port": "8000",
   "service_name": "browserstack",
   "environment": "development",
   "level": "[32minfo[39m",
   "lines": "18",
   "message": "new lines added"
}
{
   "timestamp": "2022-02-26 11:32:53.537",
   "port": "8000",
   "service_name": "browserstack",
   "environment": "development",
   "level": "[32minfo[39m",
   "lines": "",
   "message": "new lines added"
}
{
   "timestamp": "2022-02-26 11:32:59.650",
   "port": "8000",
   "service_name": "browserstack",
   "environment": "development",
   "level": "[32minfo[39m",
   "message": "server listening on 8000"
}
{
   "timestamp": "2022-02-26 11:33:07.725",
   "port": "8000",
   "service_name": "browserstack",
   "environment": "development",
   "level": "[32minfo[39m",
   "lines": "hello1,hello2,hello3,hello4,hello5,hello6,hello7,hello8,hello9,hello10,hello11,hello12,hello13,hello14,hello15",
   "message": "last 10 lines requested"
}
{
   "timestamp": "2022-02-26 11:33:29.605",
   "port": "8000",
   "service_name": "browserstack",
   "environment": "development",
   "level": "[32minfo[39m",
   "lines": "line 16",
   "message": "new lines added"
}
{
   "timestamp": "2022-02-26 11:35:38.054",
   "port": "8000",
   "service_name": "browserstack",
   "environment": "development",
   "level": "[32minfo[39m",
   "message": "server listening on 8000"
}
{
   "timestamp": "2022-02-26 11:35:38.068",
   "port": "8000",
   "service_name": "browserstack",
   "environment": "development",
   "level": "[32minfo[39m",
   "lines": "hello1,hello2,hello3,hello4,hello5,hello6,hello7,hello8,hello9,hello10,hello11,hello12,hello13,hello14,hello15,line 16",
   "message": "last 10 lines requested"
}
{
   "timestamp": "2022-02-26 11:39:59.429",
   "port": "8000",
   "service_name": "browserstack",
   "environment": "development",
   "level": "[32minfo[39m",
   "lines": "hello1,hello2,hello3,hello4,hello5,hello6,hello7,hello8,hello9,hello10,hello11,hello12,hello13,hello14,hello15,line 16",
   "message": "last 10 lines requested"
}
{
   "timestamp": "2022-02-26 11:40:11.919",
   "port": "8000",
   "service_name": "browserstack",
   "environment": "development",
   "level": "[32minfo[39m",
   "lines": "hello1,hello2,hello3,hello4,hello5,hello6,hello7,hello8,hello9,hello10,hello11,hello12,hello13,hello14,hello15,line 16",
   "message": "last 10 lines requested"
}
{
   "timestamp": "2022-02-26 11:40:54.146",
   "port": "8000",
   "service_name": "browserstack",
   "environment": "development",
   "level": "[32minfo[39m",
   "message": "server listening on 8000"
}
{
   "timestamp": "2022-02-26 11:40:58.849",
   "port": "8000",
   "service_name": "browserstack",
   "environment": "development",
   "level": "[32minfo[39m",
   "lines": "hello1,hello2,hello3,hello4,hello5,hello6,hello7,hello8,hello9,hello10,hello11,hello12,hello13,hello14,hello15,line 16",
   "message": "last 10 lines requested"
}
{
   "timestamp": "2022-02-26 11:42:40.799",
   "port": "8000",
   "service_name": "browserstack",
   "environment": "development",
   "level": "[32minfo[39m",
   "lines": "hello1,hello2,hello3,hello4,hello5,hello6,hello7,hello8,hello9,hello10,hello11,hello12,hello13,hello14,hello15,line 16",
   "message": "last 10 lines requested"
}
{
   "timestamp": "2022-02-26 11:43:33.185",
   "port": "8000",
   "service_name": "browserstack",
   "environment": "development",
   "level": "[32minfo[39m",
   "lines": "hello1,hello2,hello3,hello4,hello5,hello6,hello7,hello8,hello9,hello10,hello11,hello12,hello13,hello14,hello15,line 16",
   "message": "last 10 lines requested"
}
{
   "timestamp": "2022-02-26 11:43:40.714",
   "port": "8000",
   "service_name": "browserstack",
   "environment": "development",
   "level": "[32minfo[39m",
   "lines": "hello1,hello2,hello3,hello4,hello5,hello6,hello7,hello8,hello9,hello10,hello11,hello12,hello13,hello14,hello15,line 16",
   "message": "last 10 lines requested"
}
{
   "timestamp": "2022-02-26 11:43:59.345",
   "port": "8000",
   "service_name": "browserstack",
   "environment": "development",
   "level": "[32minfo[39m",
   "lines": "",
   "message": "new lines added"
}
{
   "timestamp": "2022-02-26 11:44:02.015",
   "port": "8000",
   "service_name": "browserstack",
   "environment": "development",
   "level": "[32minfo[39m",
   "lines": "hello1,hello2,hello3,hello4,hello5,hello6,hello7,hello8,hello9,hello10,hello11,hello12,hello13,hello14,hello15",
   "message": "last 10 lines requested"
}
{
   "timestamp": "2022-02-26 11:44:09.360",
   "port": "8000",
   "service_name": "browserstack",
   "environment": "development",
   "level": "[32minfo[39m",
   "lines": "hello 16",
   "message": "new lines added"
}
{
   "timestamp": "2022-02-26 11:44:19.374",
   "port": "8000",
   "service_name": "browserstack",
   "environment": "development",
   "level": "[32minfo[39m",
   "lines": "helo 17,hello 19,hello 20",
   "message": "new lines added"
}
{
   "timestamp": "2022-02-26 11:45:24.399",
   "port": "8000",
   "service_name": "browserstack",
   "environment": "development",
   "level": "[32minfo[39m",
   "lines": "hello1,hello2,hello3,hello4,hello5,hello6,hello7,hello8,hello9,hello10,hello11,hello12,hello13,hello14,hello15,hello 16,helo 17,hello 19,hello 20",
   "message": "last 10 lines requested"
}
{
   "timestamp": "2022-02-26 11:45:44.506",
   "port": "8000",
   "service_name": "browserstack",
   "environment": "development",
   "level": "[32minfo[39m",
   "lines": "hello 21",
   "message": "new lines added"
}
{
   "timestamp": "2022-02-26 11:46:29.579",
   "port": "8000",
   "service_name": "browserstack",
   "environment": "development",
   "level": "[32minfo[39m",
   "lines": "",
   "message": "new lines added"
}
{
   "timestamp": "2022-02-26 11:47:04.636",
   "port": "8000",
   "service_name": "browserstack",
   "environment": "development",
   "level": "[32minfo[39m",
   "lines": "hello1,hello2,hello3,hello4,hello5,hello6,hello7,hello8,hello9,hello10,hello11,hello12,hello13,hello14,hello15",
   "message": "new lines added"
}
{
   "timestamp": "2022-02-26 12:28:02.572",
   "port": "8000",
   "service_name": "browserstack",
   "environment": "development",
   "level": "[32minfo[39m",
   "message": "server listening on 8000"
}
{
   "timestamp": "2022-02-26 12:28:08.182",
   "port": "8000",
   "service_name": "browserstack",
   "environment": "development",
   "level": "[32minfo[39m",
   "lines": "hello1,hello2,hello3,hello4,hello5,hello6,hello7,hello8,hello9,hello10,hello11,hello12,hello13,hello14,hello15",
   "message": "last 10 lines requested"
}
{
   "timestamp": "2022-02-26 12:28:42.541",
   "port": "8000",
   "service_name": "browserstack",
   "environment": "development",
   "level": "[32minfo[39m",
   "lines": "hello16",
   "message": "new lines added"
}
{
   "timestamp": "2022-02-26 12:28:57.563",
   "port": "8000",
   "service_name": "browserstack",
   "environment": "development",
   "level": "[32minfo[39m",
   "lines": "17,18,19",
   "message": "new lines added"
}
